# JRE version: OpenJDK Runtime Environment (17.0.18+8) (build 17.0.18+8-Ubuntu-122.04.1)
# Java VM: OpenJDK 64-Bit Server VM (17.0.18+8-Ubuntu-122.04.1, mixed mode, sharing, tiered, compressed oops, compressed class ptrs, g1 gc, linux-amd64)
GC Precious Log:
 CPUs: 16 total, 16 available
 Memory: 31917M
 Large Page Support: Disabled
 NUMA Support: Disabled
 Compressed Oops: Enabled (Zero based)
 Heap Region Size: 4M
 Heap Min Capacity: 8M
 Heap Initial Capacity: 500M
 Heap Max Capacity: 7980M
 Pre-touch: Disabled
 Parallel Workers: 13
 Concurrent Workers: 3
 Concurrent Refinement Workers: 13
 Periodic GC: Disabled
Heap:
 garbage-first heap   total 344064K, used 237535K [0x000000060d400000, 0x0000000800000000)
  region size 4096K, 35 young (143360K), 3 survivors (12288K)
 Metaspace       used 142339K, committed 143360K, reserved 1179648K
  class space    used 16896K, committed 17408K, reserved 1048576K
GC Heap History (20 events):
Event: 7.254 GC heap before
{Heap before GC invocations=31 (full 0):
 garbage-first heap   total 221184K, used 175045K [0x000000060d400000, 0x0000000800000000)
  region size 4096K, 30 young (122880K), 1 survivors (4096K)
 Metaspace       used 115996K, committed 116608K, reserved 1179648K
  class space    used 14660K, committed 14976K, reserved 1048576K
}
Event: 7.257 GC heap after
{Heap after GC invocations=32 (full 0):
 garbage-first heap   total 221184K, used 59063K [0x000000060d400000, 0x0000000800000000)
  region size 4096K, 2 young (8192K), 2 survivors (8192K)
 Metaspace       used 115996K, committed 116608K, reserved 1179648K
  class space    used 14660K, committed 14976K, reserved 1048576K
}
Event: 7.584 GC heap before
{Heap before GC invocations=32 (full 0):
 garbage-first heap   total 221184K, used 173751K [0x000000060d400000, 0x0000000800000000)
  region size 4096K, 30 young (122880K), 2 survivors (8192K)
 Metaspace       used 119032K, committed 119680K, reserved 1179648K
  class space    used 14926K, committed 15232K, reserved 1048576K
}
Event: 7.590 GC heap after
{Heap after GC invocations=33 (full 0):
 garbage-first heap   total 221184K, used 65658K [0x000000060d400000, 0x0000000800000000)
  region size 4096K, 3 young (12288K), 3 survivors (12288K)
 Metaspace       used 119032K, committed 119680K, reserved 1179648K
  class space    used 14926K, committed 15232K, reserved 1048576K
}
Event: 7.901 GC heap before
{Heap before GC invocations=33 (full 0):
 garbage-first heap   total 221184K, used 172154K [0x000000060d400000, 0x0000000800000000)
  region size 4096K, 29 young (118784K), 3 survivors (12288K)
 Metaspace       used 123485K, committed 124160K, reserved 1179648K
  class space    used 15364K, committed 15680K, reserved 1048576K
}
Event: 7.905 GC heap after
{Heap after GC invocations=34 (full 0):
 garbage-first heap   total 344064K, used 66324K [0x000000060d400000, 0x0000000800000000)
  region size 4096K, 2 young (8192K), 2 survivors (8192K)
 Metaspace       used 123485K, committed 124160K, reserved 1179648K
  class space    used 15364K, committed 15680K, reserved 1048576K
}
Event: 8.822 GC heap before
{Heap before GC invocations=34 (full 0):
 garbage-first heap   total 344064K, used 262932K [0x000000060d400000, 0x0000000800000000)
  region size 4096K, 50 young (204800K), 2 survivors (8192K)
 Metaspace       used 126003K, committed 126784K, reserved 1179648K
  class space    used 15513K, committed 15872K, reserved 1048576K
}
Event: 8.826 GC heap after
{Heap after GC invocations=35 (full 0):
 garbage-first heap   total 344064K, used 75443K [0x000000060d400000, 0x0000000800000000)
  region size 4096K, 5 young (20480K), 5 survivors (20480K)
 Metaspace       used 126003K, committed 126784K, reserved 1179648K
  class space    used 15513K, committed 15872K, reserved 1048576K
}
Event: 9.426 GC heap before
{Heap before GC invocations=35 (full 0):
 garbage-first heap   total 344064K, used 259763K [0x000000060d400000, 0x0000000800000000)
  region size 4096K, 50 young (204800K), 5 survivors (20480K)
 Metaspace       used 127852K, committed 128576K, reserved 1179648K
  class space    used 15551K, committed 15872K, reserved 1048576K
}
Event: 9.434 GC heap after
{Heap after GC invocations=36 (full 0):
 garbage-first heap   total 344064K, used 81765K [0x000000060d400000, 0x0000000800000000)
  region size 4096K, 5 young (20480K), 5 survivors (20480K)
 Metaspace       used 127852K, committed 128576K, reserved 1179648K
  class space    used 15551K, committed 15872K, reserved 1048576K
}
Event: 10.041 GC heap before
{Heap before GC invocations=36 (full 0):
 garbage-first heap   total 344064K, used 266085K [0x000000060d400000, 0x0000000800000000)
  region size 4096K, 50 young (204800K), 5 survivors (20480K)
 Metaspace       used 132934K, committed 133696K, reserved 1179648K
  class space    used 16150K, committed 16512K, reserved 1048576K
}
Event: 10.044 GC heap after
{Heap after GC invocations=37 (full 0):
 garbage-first heap   total 344064K, used 84472K [0x000000060d400000, 0x0000000800000000)
  region size 4096K, 3 young (12288K), 3 survivors (12288K)
 Metaspace       used 132934K, committed 133696K, reserved 1179648K
  class space    used 16150K, committed 16512K, reserved 1048576K
}
Event: 10.604 GC heap before
{Heap before GC invocations=37 (full 0):
 garbage-first heap   total 344064K, used 276984K [0x000000060d400000, 0x0000000800000000)
  region size 4096K, 50 young (204800K), 3 survivors (12288K)
 Metaspace       used 134012K, committed 134848K, reserved 1179648K
  class space    used 16177K, committed 16576K, reserved 1048576K
}
Event: 10.608 GC heap after
{Heap after GC invocations=38 (full 0):
 garbage-first heap   total 344064K, used 92499K [0x000000060d400000, 0x0000000800000000)
  region size 4096K, 5 young (20480K), 5 survivors (20480K)
 Metaspace       used 134012K, committed 134848K, reserved 1179648K
  class space    used 16177K, committed 16576K, reserved 1048576K
}
Event: 11.153 GC heap before
{Heap before GC invocations=38 (full 0):
 garbage-first heap   total 344064K, used 276819K [0x000000060d400000, 0x0000000800000000)
  region size 4096K, 50 young (204800K), 5 survivors (20480K)
 Metaspace       used 135020K, committed 135808K, reserved 1179648K
  class space    used 16237K, committed 16640K, reserved 1048576K
}
Event: 11.158 GC heap after
{Heap after GC invocations=39 (full 0):
 garbage-first heap   total 344064K, used 100829K [0x000000060d400000, 0x0000000800000000)
  region size 4096K, 6 young (24576K), 6 survivors (24576K)
 Metaspace       used 135020K, committed 135808K, reserved 1179648K
  class space    used 16237K, committed 16640K, reserved 1048576K
}
Event: 11.671 GC heap before
{Heap before GC invocations=39 (full 0):
 garbage-first heap   total 344064K, used 272861K [0x000000060d400000, 0x0000000800000000)
  region size 4096K, 48 young (196608K), 6 survivors (24576K)
 Metaspace       used 139504K, committed 140416K, reserved 1179648K
  class space    used 16751K, committed 17216K, reserved 1048576K
}
Event: 11.676 GC heap after
{Heap after GC invocations=40 (full 0):
 garbage-first heap   total 344064K, used 103533K [0x000000060d400000, 0x0000000800000000)
  region size 4096K, 4 young (16384K), 4 survivors (16384K)
 Metaspace       used 139504K, committed 140416K, reserved 1179648K
  class space    used 16751K, committed 17216K, reserved 1048576K
}
Event: 12.656 GC heap before
{Heap before GC invocations=40 (full 0):
 garbage-first heap   total 344064K, used 275565K [0x000000060d400000, 0x0000000800000000)
  region size 4096K, 46 young (188416K), 4 survivors (16384K)
 Metaspace       used 141961K, committed 142912K, reserved 1179648K
  class space    used 16869K, committed 17344K, reserved 1048576K
}
Event: 12.660 GC heap after
{Heap after GC invocations=41 (full 0):
 garbage-first heap   total 344064K, used 110559K [0x000000060d400000, 0x0000000800000000)
  region size 4096K, 3 young (12288K), 3 survivors (12288K)
 Metaspace       used 141961K, committed 142912K, reserved 1179648K
  class space    used 16869K, committed 17344K, reserved 1048576K
}

